This file contains any messages produced by compilers while
running configure, to aid debugging if configure makes a mistake.

It was created by onigmo configure 6.1.2, which was
generated by GNU Autoconf 2.69.  Invocation command line was

  $ /root/share/fluent-bit/lib/onigmo/configure --with-pic --disable-shared --enable-static --prefix=/root/share/fluent-bit/build/ CFLAGS=-std=gnu99 -Wall -pipe -g3 -O3 -funroll-loops

## --------- ##
## Platform. ##
## --------- ##

hostname = c5e7e6aa8bc5
uname -m = x86_64
uname -r = 4.9.87-linuxkit-aufs
uname -s = Linux
uname -v = #1 SMP Wed Mar 14 15:12:16 UTC 2018

/usr/bin/uname -p = x86_64
/bin/uname -X     = unknown

/bin/arch              = x86_64
/usr/bin/arch -k       = unknown
/usr/convex/getsysinfo = unknown
/usr/bin/hostinfo      = unknown
/bin/machine           = unknown
/usr/bin/oslevel       = unknown
/bin/universe          = unknown

PATH: /usr/local/sbin
PATH: /usr/local/bin
PATH: /usr/sbin
PATH: /usr/bin
PATH: /sbin
PATH: /bin


## ----------- ##
## Core tests. ##
## ----------- ##

configure:2506: checking for a BSD-compatible install
configure:2574: result: /usr/bin/install -c
configure:2585: checking whether build environment is sane
configure:2635: result: yes
configure:2776: checking for a thread-safe mkdir -p
configure:2815: result: /usr/bin/mkdir -p
configure:2828: checking for gawk
configure:2844: found /usr/bin/gawk
configure:2855: result: gawk
configure:2866: checking whether make sets $(MAKE)
configure:2888: result: yes
configure:3061: checking for gcc
configure:3077: found /usr/bin/gcc
configure:3088: result: gcc
configure:3317: checking for C compiler version
configure:3326: gcc --version >&5
gcc (GCC) 4.8.5 20150623 (Red Hat 4.8.5-16)
Copyright (C) 2015 Free Software Foundation, Inc.
This is free software; see the source for copying conditions.  There is NO
warranty; not even for MERCHANTABILITY or FITNESS FOR A PARTICULAR PURPOSE.

configure:3337: $? = 0
configure:3326: gcc -v >&5
Using built-in specs.
COLLECT_GCC=gcc
COLLECT_LTO_WRAPPER=/usr/libexec/gcc/x86_64-redhat-linux/4.8.5/lto-wrapper
Target: x86_64-redhat-linux
Configured with: ../configure --prefix=/usr --mandir=/usr/share/man --infodir=/usr/share/info --with-bugurl=http://bugzilla.redhat.com/bugzilla --enable-bootstrap --enable-shared --enable-threads=posix --enable-checking=release --with-system-zlib --enable-__cxa_atexit --disable-libunwind-exceptions --enable-gnu-unique-object --enable-linker-build-id --with-linker-hash-style=gnu --enable-languages=c,c++,objc,obj-c++,java,fortran,ada,go,lto --enable-plugin --enable-initfini-array --disable-libgcj --with-isl=/builddir/build/BUILD/gcc-4.8.5-20150702/obj-x86_64-redhat-linux/isl-install --with-cloog=/builddir/build/BUILD/gcc-4.8.5-20150702/obj-x86_64-redhat-linux/cloog-install --enable-gnu-indirect-function --with-tune=generic --with-arch_32=x86-64 --build=x86_64-redhat-linux
Thread model: posix
gcc version 4.8.5 20150623 (Red Hat 4.8.5-16) (GCC) 
configure:3337: $? = 0
configure:3326: gcc -V >&5
gcc: error: unrecognized command line option '-V'
gcc: fatal error: no input files
compilation terminated.
configure:3337: $? = 4
configure:3326: gcc -qversion >&5
gcc: error: unrecognized command line option '-qversion'
gcc: fatal error: no input files
compilation terminated.
configure:3337: $? = 4
configure:3357: checking whether the C compiler works
configure:3379: gcc -std=gnu99 -Wall -pipe -g3 -O3 -funroll-loops   conftest.c  >&5
configure:3383: $? = 0
configure:3431: result: yes
configure:3434: checking for C compiler default output file name
configure:3436: result: a.out
configure:3442: checking for suffix of executables
configure:3449: gcc -o conftest -std=gnu99 -Wall -pipe -g3 -O3 -funroll-loops   conftest.c  >&5
configure:3453: $? = 0
configure:3475: result: 
configure:3497: checking whether we are cross compiling
configure:3505: gcc -o conftest -std=gnu99 -Wall -pipe -g3 -O3 -funroll-loops   conftest.c  >&5
configure:3509: $? = 0
configure:3516: ./conftest
configure:3520: $? = 0
configure:3535: result: no
configure:3540: checking for suffix of object files
configure:3562: gcc -c -std=gnu99 -Wall -pipe -g3 -O3 -funroll-loops  conftest.c >&5
configure:3566: $? = 0
configure:3587: result: o
configure:3591: checking whether we are using the GNU C compiler
configure:3610: gcc -c -std=gnu99 -Wall -pipe -g3 -O3 -funroll-loops  conftest.c >&5
configure:3610: $? = 0
configure:3619: result: yes
configure:3628: checking whether gcc accepts -g
configure:3648: gcc -c -g  conftest.c >&5
configure:3648: $? = 0
configure:3689: result: yes
configure:3706: checking for gcc option to accept ISO C89
configure:3769: gcc  -c -std=gnu99 -Wall -pipe -g3 -O3 -funroll-loops  conftest.c >&5
configure:3769: $? = 0
configure:3782: result: none needed
configure:3813: checking for style of include used by make
configure:3841: result: GNU
configure:3867: checking dependency style of gcc
configure:3978: result: gcc3
configure:4022: checking build system type
configure:4036: result: x86_64-pc-linux-gnu
configure:4056: checking host system type
configure:4069: result: x86_64-pc-linux-gnu
configure:4110: checking how to print strings
configure:4137: result: printf
configure:4158: checking for a sed that does not truncate output
configure:4222: result: /usr/bin/sed
configure:4240: checking for grep that handles long lines and -e
configure:4298: result: /usr/bin/grep
configure:4303: checking for egrep
configure:4365: result: /usr/bin/grep -E
configure:4370: checking for fgrep
configure:4432: result: /usr/bin/grep -F
configure:4467: checking for ld used by gcc
configure:4534: result: /usr/bin/ld
configure:4541: checking if the linker (/usr/bin/ld) is GNU ld
configure:4556: result: yes
configure:4568: checking for BSD- or MS-compatible name lister (nm)
configure:4622: result: /usr/bin/nm -B
configure:4752: checking the name lister (/usr/bin/nm -B) interface
configure:4759: gcc -c -std=gnu99 -Wall -pipe -g3 -O3 -funroll-loops  conftest.c >&5
configure:4762: /usr/bin/nm -B "conftest.o"
configure:4765: output
0000000000000000 B some_variable
0000000000000000 n wm4.0.4fc9713f8e4550b2ef1e7cb2febc5b5b
0000000000000000 n wm4.stdcpredef.h.19.785b9754a8399dbf7fe5c981ac822b48
configure:4772: result: BSD nm
configure:4775: checking whether ln -s works
configure:4779: result: yes
configure:4787: checking the maximum length of command line arguments
configure:4918: result: 1572864
configure:4966: checking how to convert x86_64-pc-linux-gnu file names to x86_64-pc-linux-gnu format
configure:5006: result: func_convert_file_noop
configure:5013: checking how to convert x86_64-pc-linux-gnu file names to toolchain format
configure:5033: result: func_convert_file_noop
configure:5040: checking for /usr/bin/ld option to reload object files
configure:5047: result: -r
configure:5121: checking for objdump
configure:5137: found /usr/bin/objdump
configure:5148: result: objdump
configure:5180: checking how to recognize dependent libraries
configure:5380: result: pass_all
configure:5465: checking for dlltool
configure:5495: result: no
configure:5525: checking how to associate runtime and link libraries
configure:5552: result: printf %s\n
configure:5613: checking for ar
configure:5629: found /usr/bin/ar
configure:5640: result: ar
configure:5677: checking for archiver @FILE support
configure:5694: gcc -c -std=gnu99 -Wall -pipe -g3 -O3 -funroll-loops  conftest.c >&5
configure:5694: $? = 0
configure:5697: ar cru libconftest.a @conftest.lst >&5
configure:5700: $? = 0
configure:5705: ar cru libconftest.a @conftest.lst >&5
ar: conftest.o: No such file or directory
configure:5708: $? = 1
configure:5720: result: @
configure:5778: checking for strip
configure:5794: found /usr/bin/strip
configure:5805: result: strip
configure:5877: checking for ranlib
configure:5893: found /usr/bin/ranlib
configure:5904: result: ranlib
configure:6006: checking command to parse /usr/bin/nm -B output from gcc object
configure:6159: gcc -c -std=gnu99 -Wall -pipe -g3 -O3 -funroll-loops  conftest.c >&5
configure:6162: $? = 0
configure:6166: /usr/bin/nm -B conftest.o \| sed -n -e 's/^.*[ ]\([ABCDGIRSTW][ABCDGIRSTW]*\)[ ][ ]*\([_A-Za-z][_A-Za-z0-9]*\)$/\1 \2 \2/p' | sed '/ __gnu_lto/d' \> conftest.nm
configure:6169: $? = 0
configure:6235: gcc -o conftest -std=gnu99 -Wall -pipe -g3 -O3 -funroll-loops   conftest.c conftstm.o >&5
configure:6238: $? = 0
configure:6276: result: ok
configure:6323: checking for sysroot
configure:6353: result: no
configure:6360: checking for a working dd
configure:6398: result: /usr/bin/dd
configure:6402: checking how to truncate binary pipes
configure:6417: result: /usr/bin/dd bs=4096 count=1
configure:6553: gcc -c -std=gnu99 -Wall -pipe -g3 -O3 -funroll-loops  conftest.c >&5
configure:6556: $? = 0
configure:6746: checking for mt
configure:6776: result: no
configure:6796: checking if : is a manifest tool
configure:6802: : '-?'
configure:6810: result: no
configure:7487: checking how to run the C preprocessor
configure:7518: gcc -E  conftest.c
configure:7518: $? = 0
configure:7532: gcc -E  conftest.c
conftest.c:11:28: fatal error: ac_nonexistent.h: No such file or directory
 #include <ac_nonexistent.h>
                            ^
compilation terminated.
configure:7532: $? = 1
configure: failed program was:
| /* confdefs.h */
| #define PACKAGE_NAME "onigmo"
| #define PACKAGE_TARNAME "onigmo"
| #define PACKAGE_VERSION "6.1.2"
| #define PACKAGE_STRING "onigmo 6.1.2"
| #define PACKAGE_BUGREPORT ""
| #define PACKAGE_URL ""
| #define PACKAGE "onigmo"
| #define VERSION "6.1.2"
| /* end confdefs.h.  */
| #include <ac_nonexistent.h>
configure:7557: result: gcc -E
configure:7577: gcc -E  conftest.c
configure:7577: $? = 0
configure:7591: gcc -E  conftest.c
conftest.c:11:28: fatal error: ac_nonexistent.h: No such file or directory
 #include <ac_nonexistent.h>
                            ^
compilation terminated.
configure:7591: $? = 1
configure: failed program was:
| /* confdefs.h */
| #define PACKAGE_NAME "onigmo"
| #define PACKAGE_TARNAME "onigmo"
| #define PACKAGE_VERSION "6.1.2"
| #define PACKAGE_STRING "onigmo 6.1.2"
| #define PACKAGE_BUGREPORT ""
| #define PACKAGE_URL ""
| #define PACKAGE "onigmo"
| #define VERSION "6.1.2"
| /* end confdefs.h.  */
| #include <ac_nonexistent.h>
configure:7620: checking for ANSI C header files
configure:7640: gcc -c -std=gnu99 -Wall -pipe -g3 -O3 -funroll-loops  conftest.c >&5
configure:7640: $? = 0
configure:7713: gcc -o conftest -std=gnu99 -Wall -pipe -g3 -O3 -funroll-loops   conftest.c  >&5
configure:7713: $? = 0
configure:7713: ./conftest
configure:7713: $? = 0
configure:7724: result: yes
configure:7737: checking for sys/types.h
configure:7737: gcc -c -std=gnu99 -Wall -pipe -g3 -O3 -funroll-loops  conftest.c >&5
configure:7737: $? = 0
configure:7737: result: yes
configure:7737: checking for sys/stat.h
configure:7737: gcc -c -std=gnu99 -Wall -pipe -g3 -O3 -funroll-loops  conftest.c >&5
configure:7737: $? = 0
configure:7737: result: yes
configure:7737: checking for stdlib.h
configure:7737: gcc -c -std=gnu99 -Wall -pipe -g3 -O3 -funroll-loops  conftest.c >&5
configure:7737: $? = 0
configure:7737: result: yes
configure:7737: checking for string.h
configure:7737: gcc -c -std=gnu99 -Wall -pipe -g3 -O3 -funroll-loops  conftest.c >&5
configure:7737: $? = 0
configure:7737: result: yes
configure:7737: checking for memory.h
configure:7737: gcc -c -std=gnu99 -Wall -pipe -g3 -O3 -funroll-loops  conftest.c >&5
configure:7737: $? = 0
configure:7737: result: yes
configure:7737: checking for strings.h
configure:7737: gcc -c -std=gnu99 -Wall -pipe -g3 -O3 -funroll-loops  conftest.c >&5
configure:7737: $? = 0
configure:7737: result: yes
configure:7737: checking for inttypes.h
configure:7737: gcc -c -std=gnu99 -Wall -pipe -g3 -O3 -funroll-loops  conftest.c >&5
configure:7737: $? = 0
configure:7737: result: yes
configure:7737: checking for stdint.h
configure:7737: gcc -c -std=gnu99 -Wall -pipe -g3 -O3 -funroll-loops  conftest.c >&5
configure:7737: $? = 0
configure:7737: result: yes
configure:7737: checking for unistd.h
configure:7737: gcc -c -std=gnu99 -Wall -pipe -g3 -O3 -funroll-loops  conftest.c >&5
configure:7737: $? = 0
configure:7737: result: yes
configure:7751: checking for dlfcn.h
configure:7751: gcc -c -std=gnu99 -Wall -pipe -g3 -O3 -funroll-loops  conftest.c >&5
configure:7751: $? = 0
configure:7751: result: yes
configure:8007: checking for objdir
configure:8022: result: .libs
configure:8286: checking if gcc supports -fno-rtti -fno-exceptions
configure:8304: gcc -c -std=gnu99 -Wall -pipe -g3 -O3 -funroll-loops  -fno-rtti -fno-exceptions conftest.c >&5
cc1: warning: command line option '-fno-rtti' is valid for C++/ObjC++ but not for C [enabled by default]
configure:8308: $? = 0
configure:8321: result: no
configure:8679: checking for gcc option to produce PIC
configure:8686: result: -fPIC -DPIC
configure:8694: checking if gcc PIC flag -fPIC -DPIC works
configure:8712: gcc -c -std=gnu99 -Wall -pipe -g3 -O3 -funroll-loops  -fPIC -DPIC -DPIC conftest.c >&5
configure:8716: $? = 0
configure:8729: result: yes
configure:8758: checking if gcc static flag -static works
configure:8786: result: no
configure:8801: checking if gcc supports -c -o file.o
configure:8822: gcc -c -std=gnu99 -Wall -pipe -g3 -O3 -funroll-loops  -o out/conftest2.o conftest.c >&5
configure:8826: $? = 0
configure:8848: result: yes
configure:8856: checking if gcc supports -c -o file.o
configure:8903: result: yes
configure:8936: checking whether the gcc linker (/usr/bin/ld) supports shared libraries
configure:10195: result: yes
configure:10435: checking dynamic linker characteristics
configure:11016: gcc -o conftest -std=gnu99 -Wall -pipe -g3 -O3 -funroll-loops   -Wl,-rpath -Wl,/foo conftest.c  >&5
configure:11016: $? = 0
configure:11253: result: GNU/Linux ld.so
configure:11375: checking how to hardcode library paths into programs
configure:11400: result: immediate
configure:11948: checking whether stripping libraries is possible
configure:11953: result: yes
configure:11988: checking if libtool supports shared libraries
configure:11990: result: yes
configure:11993: checking whether to build shared libraries
configure:12018: result: no
configure:12021: checking whether to build static libraries
configure:12025: result: yes
configure:12063: checking whether gcc and cc understand -c and -o together
configure:12094: gcc -c conftest.c -o conftest2.o >&5
configure:12098: $? = 0
configure:12104: gcc -c conftest.c -o conftest2.o >&5
configure:12108: $? = 0
configure:12119: cc -c conftest.c >&5
configure:12123: $? = 0
configure:12131: cc -c conftest.c -o conftest2.o >&5
configure:12135: $? = 0
configure:12141: cc -c conftest.c -o conftest2.o >&5
configure:12145: $? = 0
configure:12163: result: yes
configure:12192: checking whether make sets $(MAKE)
configure:12214: result: yes
configure:12228: checking for python3
configure:12258: result: no
configure:12228: checking for python
configure:12244: found /usr/bin/python
configure:12255: result: python
configure:12268: checking for ANSI C header files
configure:12372: result: yes
configure:12383: checking sys/time.h usability
configure:12383: gcc -c -std=gnu99 -Wall -pipe -g3 -O3 -funroll-loops  conftest.c >&5
configure:12383: $? = 0
configure:12383: result: yes
configure:12383: checking sys/time.h presence
configure:12383: gcc -E  conftest.c
configure:12383: $? = 0
configure:12383: result: yes
configure:12383: checking for sys/time.h
configure:12383: result: yes
configure:12383: checking for unistd.h
configure:12383: result: yes
configure:12383: checking sys/times.h usability
configure:12383: gcc -c -std=gnu99 -Wall -pipe -g3 -O3 -funroll-loops  conftest.c >&5
configure:12383: $? = 0
configure:12383: result: yes
configure:12383: checking sys/times.h presence
configure:12383: gcc -E  conftest.c
configure:12383: $? = 0
configure:12383: result: yes
configure:12383: checking for sys/times.h
configure:12383: result: yes
configure:12383: checking for stdint.h
configure:12383: result: yes
configure:12398: checking size of int
configure:12403: gcc -o conftest -std=gnu99 -Wall -pipe -g3 -O3 -funroll-loops   conftest.c  >&5
configure:12403: $? = 0
configure:12403: ./conftest
configure:12403: $? = 0
configure:12417: result: 4
configure:12431: checking size of short
configure:12436: gcc -o conftest -std=gnu99 -Wall -pipe -g3 -O3 -funroll-loops   conftest.c  >&5
configure:12436: $? = 0
configure:12436: ./conftest
configure:12436: $? = 0
configure:12450: result: 2
configure:12464: checking size of long
configure:12469: gcc -o conftest -std=gnu99 -Wall -pipe -g3 -O3 -funroll-loops   conftest.c  >&5
configure:12469: $? = 0
configure:12469: ./conftest
configure:12469: $? = 0
configure:12483: result: 8
configure:12497: checking size of void*
configure:12502: gcc -o conftest -std=gnu99 -Wall -pipe -g3 -O3 -funroll-loops   conftest.c  >&5
configure:12502: $? = 0
configure:12502: ./conftest
configure:12502: $? = 0
configure:12516: result: 8
configure:12530: checking size of long long
configure:12535: gcc -o conftest -std=gnu99 -Wall -pipe -g3 -O3 -funroll-loops   conftest.c  >&5
configure:12535: $? = 0
configure:12535: ./conftest
configure:12535: $? = 0
configure:12549: result: 8
configure:12559: checking for an ANSI C-conforming const
configure:12625: gcc -c -std=gnu99 -Wall -pipe -g3 -O3 -funroll-loops  conftest.c >&5
configure:12625: $? = 0
configure:12632: result: yes
configure:12640: checking whether time.h and sys/time.h may both be included
configure:12660: gcc -c -std=gnu99 -Wall -pipe -g3 -O3 -funroll-loops  conftest.c >&5
configure:12660: $? = 0
configure:12667: result: yes
configure:12676: checking for size_t
configure:12676: gcc -c -std=gnu99 -Wall -pipe -g3 -O3 -funroll-loops  conftest.c >&5
configure:12676: $? = 0
configure:12676: gcc -c -std=gnu99 -Wall -pipe -g3 -O3 -funroll-loops  conftest.c >&5
conftest.c: In function 'main':
conftest.c:70:21: error: expected expression before ')' token
 if (sizeof ((size_t)))
                     ^
configure:12676: $? = 1
configure: failed program was:
| /* confdefs.h */
| #define PACKAGE_NAME "onigmo"
| #define PACKAGE_TARNAME "onigmo"
| #define PACKAGE_VERSION "6.1.2"
| #define PACKAGE_STRING "onigmo 6.1.2"
| #define PACKAGE_BUGREPORT ""
| #define PACKAGE_URL ""
| #define PACKAGE "onigmo"
| #define VERSION "6.1.2"
| #define STDC_HEADERS 1
| #define HAVE_SYS_TYPES_H 1
| #define HAVE_SYS_STAT_H 1
| #define HAVE_STDLIB_H 1
| #define HAVE_STRING_H 1
| #define HAVE_MEMORY_H 1
| #define HAVE_STRINGS_H 1
| #define HAVE_INTTYPES_H 1
| #define HAVE_STDINT_H 1
| #define HAVE_UNISTD_H 1
| #define HAVE_DLFCN_H 1
| #define LT_OBJDIR ".libs/"
| #define STDC_HEADERS 1
| #define HAVE_SYS_TIME_H 1
| #define HAVE_UNISTD_H 1
| #define HAVE_SYS_TIMES_H 1
| #define HAVE_STDINT_H 1
| #define SIZEOF_INT 4
| #define SIZEOF_SHORT 2
| #define SIZEOF_LONG 8
| #define SIZEOF_VOIDP 8
| #define SIZEOF_LONG_LONG 8
| #define TIME_WITH_SYS_TIME 1
| /* end confdefs.h.  */
| #include <stdio.h>
| #ifdef HAVE_SYS_TYPES_H
| # include <sys/types.h>
| #endif
| #ifdef HAVE_SYS_STAT_H
| # include <sys/stat.h>
| #endif
| #ifdef STDC_HEADERS
| # include <stdlib.h>
| # include <stddef.h>
| #else
| # ifdef HAVE_STDLIB_H
| #  include <stdlib.h>
| # endif
| #endif
| #ifdef HAVE_STRING_H
| # if !defined STDC_HEADERS && defined HAVE_MEMORY_H
| #  include <memory.h>
| # endif
| # include <string.h>
| #endif
| #ifdef HAVE_STRINGS_H
| # include <strings.h>
| #endif
| #ifdef HAVE_INTTYPES_H
| # include <inttypes.h>
| #endif
| #ifdef HAVE_STDINT_H
| # include <stdint.h>
| #endif
| #ifdef HAVE_UNISTD_H
| # include <unistd.h>
| #endif
| int
| main ()
| {
| if (sizeof ((size_t)))
| 	    return 0;
|   ;
|   return 0;
| }
configure:12676: result: yes
configure:12689: checking for working alloca.h
configure:12706: gcc -o conftest -std=gnu99 -Wall -pipe -g3 -O3 -funroll-loops   conftest.c  >&5
configure:12706: $? = 0
configure:12714: result: yes
configure:12722: checking for alloca
configure:12759: gcc -o conftest -std=gnu99 -Wall -pipe -g3 -O3 -funroll-loops   conftest.c  >&5
configure:12759: $? = 0
configure:12767: result: yes
configure:12873: checking for working memcmp
configure:12916: gcc -o conftest -std=gnu99 -Wall -pipe -g3 -O3 -funroll-loops   conftest.c  >&5
configure:12916: $? = 0
configure:12916: ./conftest
configure:12916: $? = 0
configure:12926: result: yes
configure:13071: creating ./config.status

## ---------------------- ##
## Running config.status. ##
## ---------------------- ##

This file was extended by onigmo config.status 6.1.2, which was
generated by GNU Autoconf 2.69.  Invocation command line was

  CONFIG_FILES    = 
  CONFIG_HEADERS  = 
  CONFIG_LINKS    = 
  CONFIG_COMMANDS = 
  $ ./config.status 

on c5e7e6aa8bc5

config.status:1101: creating Makefile
config.status:1101: creating onigmo-config
config.status:1101: creating sample/Makefile
config.status:1101: creating config.h
config.status:1267: config.h is unchanged
config.status:1315: executing depfiles commands
config.status:1315: executing libtool commands
config.status:1315: executing default commands

## ---------------- ##
## Cache variables. ##
## ---------------- ##

ac_cv_build=x86_64-pc-linux-gnu
ac_cv_c_compiler_gnu=yes
ac_cv_c_const=yes
ac_cv_env_CC_set=
ac_cv_env_CC_value=
ac_cv_env_CFLAGS_set=set
ac_cv_env_CFLAGS_value='-std=gnu99 -Wall -pipe -g3 -O3 -funroll-loops'
ac_cv_env_CPPFLAGS_set=
ac_cv_env_CPPFLAGS_value=
ac_cv_env_CPP_set=
ac_cv_env_CPP_value=
ac_cv_env_LDFLAGS_set=
ac_cv_env_LDFLAGS_value=
ac_cv_env_LIBS_set=
ac_cv_env_LIBS_value=
ac_cv_env_LT_SYS_LIBRARY_PATH_set=
ac_cv_env_LT_SYS_LIBRARY_PATH_value=
ac_cv_env_build_alias_set=
ac_cv_env_build_alias_value=
ac_cv_env_host_alias_set=
ac_cv_env_host_alias_value=
ac_cv_env_target_alias_set=
ac_cv_env_target_alias_value=
ac_cv_func_alloca_works=yes
ac_cv_func_memcmp_working=yes
ac_cv_header_dlfcn_h=yes
ac_cv_header_inttypes_h=yes
ac_cv_header_memory_h=yes
ac_cv_header_stdc=yes
ac_cv_header_stdint_h=yes
ac_cv_header_stdlib_h=yes
ac_cv_header_string_h=yes
ac_cv_header_strings_h=yes
ac_cv_header_sys_stat_h=yes
ac_cv_header_sys_time_h=yes
ac_cv_header_sys_times_h=yes
ac_cv_header_sys_types_h=yes
ac_cv_header_time=yes
ac_cv_header_unistd_h=yes
ac_cv_host=x86_64-pc-linux-gnu
ac_cv_objext=o
ac_cv_path_EGREP='/usr/bin/grep -E'
ac_cv_path_FGREP='/usr/bin/grep -F'
ac_cv_path_GREP=/usr/bin/grep
ac_cv_path_SED=/usr/bin/sed
ac_cv_path_install='/usr/bin/install -c'
ac_cv_path_lt_DD=/usr/bin/dd
ac_cv_path_mkdir=/usr/bin/mkdir
ac_cv_prog_AWK=gawk
ac_cv_prog_CPP='gcc -E'
ac_cv_prog_ac_ct_AR=ar
ac_cv_prog_ac_ct_CC=gcc
ac_cv_prog_ac_ct_OBJDUMP=objdump
ac_cv_prog_ac_ct_RANLIB=ranlib
ac_cv_prog_ac_ct_STRIP=strip
ac_cv_prog_cc_c89=
ac_cv_prog_cc_g=yes
ac_cv_prog_cc_gcc_c_o=yes
ac_cv_prog_make_make_set=yes
ac_cv_prog_python_prog=python
ac_cv_sizeof_int=4
ac_cv_sizeof_long=8
ac_cv_sizeof_long_long=8
ac_cv_sizeof_short=2
ac_cv_sizeof_voidp=8
ac_cv_type_size_t=yes
ac_cv_working_alloca_h=yes
am_cv_CC_dependencies_compiler_type=gcc3
lt_cv_ar_at_file=@
lt_cv_deplibs_check_method=pass_all
lt_cv_file_magic_cmd='$MAGIC_CMD'
lt_cv_file_magic_test_file=
lt_cv_ld_reload_flag=-r
lt_cv_nm_interface='BSD nm'
lt_cv_objdir=.libs
lt_cv_path_LD=/usr/bin/ld
lt_cv_path_NM='/usr/bin/nm -B'
lt_cv_path_mainfest_tool=no
lt_cv_prog_compiler_c_o=yes
lt_cv_prog_compiler_pic='-fPIC -DPIC'
lt_cv_prog_compiler_pic_works=yes
lt_cv_prog_compiler_rtti_exceptions=no
lt_cv_prog_compiler_static_works=no
lt_cv_prog_gnu_ld=yes
lt_cv_sharedlib_from_linklib_cmd='printf %s\n'
lt_cv_shlibpath_overrides_runpath=no
lt_cv_sys_global_symbol_pipe='sed -n -e '\''s/^.*[	 ]\([ABCDGIRSTW][ABCDGIRSTW]*\)[	 ][	 ]*\([_A-Za-z][_A-Za-z0-9]*\)$/\1 \2 \2/p'\'' | sed '\''/ __gnu_lto/d'\'''
lt_cv_sys_global_symbol_to_c_name_address='sed -n -e '\''s/^: \(.*\) .*$/  {"\1", (void *) 0},/p'\'' -e '\''s/^[ABCDGIRSTW][ABCDGIRSTW]* .* \(.*\)$/  {"\1", (void *) \&\1},/p'\'''
lt_cv_sys_global_symbol_to_c_name_address_lib_prefix='sed -n -e '\''s/^: \(.*\) .*$/  {"\1", (void *) 0},/p'\'' -e '\''s/^[ABCDGIRSTW][ABCDGIRSTW]* .* \(lib.*\)$/  {"\1", (void *) \&\1},/p'\'' -e '\''s/^[ABCDGIRSTW][ABCDGIRSTW]* .* \(.*\)$/  {"lib\1", (void *) \&\1},/p'\'''
lt_cv_sys_global_symbol_to_cdecl='sed -n -e '\''s/^T .* \(.*\)$/extern int \1();/p'\'' -e '\''s/^[ABCDGIRSTW][ABCDGIRSTW]* .* \(.*\)$/extern char \1;/p'\'''
lt_cv_sys_global_symbol_to_import=
lt_cv_sys_max_cmd_len=1572864
lt_cv_to_host_file_cmd=func_convert_file_noop
lt_cv_to_tool_file_cmd=func_convert_file_noop
lt_cv_truncate_bin='/usr/bin/dd bs=4096 count=1'

## ----------------- ##
## Output variables. ##
## ----------------- ##

ACLOCAL='${SHELL} /root/share/fluent-bit/lib/onigmo/missing --run aclocal-1.11'
ALLOCA=''
AMDEPBACKSLASH='\'
AMDEP_FALSE='#'
AMDEP_TRUE=''
AMTAR='$${TAR-tar}'
AR='ar'
AUTOCONF='${SHELL} /root/share/fluent-bit/lib/onigmo/missing --run autoconf'
AUTOHEADER='${SHELL} /root/share/fluent-bit/lib/onigmo/missing --run autoheader'
AUTOMAKE='${SHELL} /root/share/fluent-bit/lib/onigmo/missing --run automake-1.11'
AWK='gawk'
CC='gcc'
CCDEPMODE='depmode=gcc3'
CFLAGS='-std=gnu99 -Wall -pipe -g3 -O3 -funroll-loops'
CPP='gcc -E'
CPPFLAGS=''
CYGPATH_W='echo'
DEFS='-DHAVE_CONFIG_H'
DEPDIR='.deps'
DLLTOOL='false'
DSYMUTIL=''
DUMPBIN=''
ECHO_C=''
ECHO_N='-n'
ECHO_T=''
EGREP='/usr/bin/grep -E'
EXEEXT=''
FGREP='/usr/bin/grep -F'
GREP='/usr/bin/grep'
INSTALL_DATA='${INSTALL} -m 644'
INSTALL_PROGRAM='${INSTALL}'
INSTALL_SCRIPT='${INSTALL}'
INSTALL_STRIP_PROGRAM='$(install_sh) -c -s'
LD='/usr/bin/ld'
LDFLAGS=''
LIBOBJS=''
LIBS=''
LIBTOOL='$(SHELL) $(top_builddir)/libtool'
LIPO=''
LN_S='ln -s'
LTLIBOBJS=''
LTVERSION='6:3:0'
LT_SYS_LIBRARY_PATH=''
MAKEINFO='${SHELL} /root/share/fluent-bit/lib/onigmo/missing --run makeinfo'
MANIFEST_TOOL=':'
MKDIR_P='/usr/bin/mkdir -p'
NM='/usr/bin/nm -B'
NMEDIT=''
OBJDUMP='objdump'
OBJEXT='o'
OTOOL64=''
OTOOL=''
PACKAGE='onigmo'
PACKAGE_BUGREPORT=''
PACKAGE_NAME='onigmo'
PACKAGE_STRING='onigmo 6.1.2'
PACKAGE_TARNAME='onigmo'
PACKAGE_URL=''
PACKAGE_VERSION='6.1.2'
PATH_SEPARATOR=':'
RANLIB='ranlib'
RUBYDIR='..'
SED='/usr/bin/sed'
SET_MAKE=''
SHELL='/bin/sh'
STATISTICS=''
STRIP='strip'
VERSION='6.1.2'
ac_ct_AR='ar'
ac_ct_CC='gcc'
ac_ct_DUMPBIN=''
am__EXEEXT_FALSE=''
am__EXEEXT_TRUE='#'
am__fastdepCC_FALSE='#'
am__fastdepCC_TRUE=''
am__include='include'
am__isrc=' -I$(srcdir)'
am__leading_dot='.'
am__nodep='_no'
am__quote=''
am__tar='$${TAR-tar} chof - "$$tardir"'
am__untar='$${TAR-tar} xf -'
bindir='${exec_prefix}/bin'
build='x86_64-pc-linux-gnu'
build_alias=''
build_cpu='x86_64'
build_os='linux-gnu'
build_vendor='pc'
datadir='${datarootdir}'
datarootdir='${prefix}/share'
docdir='${datarootdir}/doc/${PACKAGE_TARNAME}'
dvidir='${docdir}'
exec_prefix='${prefix}'
host='x86_64-pc-linux-gnu'
host_alias=''
host_cpu='x86_64'
host_os='linux-gnu'
host_vendor='pc'
htmldir='${docdir}'
includedir='${prefix}/include'
infodir='${datarootdir}/info'
install_sh='${SHELL} /root/share/fluent-bit/lib/onigmo/install-sh'
libdir='${exec_prefix}/lib'
libexecdir='${exec_prefix}/libexec'
localedir='${datarootdir}/locale'
localstatedir='${prefix}/var'
mandir='${datarootdir}/man'
mkdir_p='/usr/bin/mkdir -p'
oldincludedir='/usr/include'
pdfdir='${docdir}'
prefix='/root/share/fluent-bit/build'
program_transform_name='s,x,x,'
psdir='${docdir}'
python_prog='python'
runstatedir='${localstatedir}/run'
sbindir='${exec_prefix}/sbin'
sharedstatedir='${prefix}/com'
sysconfdir='${prefix}/etc'
target_alias=''

## ----------- ##
## confdefs.h. ##
## ----------- ##

/* confdefs.h */
#define PACKAGE_NAME "onigmo"
#define PACKAGE_TARNAME "onigmo"
#define PACKAGE_VERSION "6.1.2"
#define PACKAGE_STRING "onigmo 6.1.2"
#define PACKAGE_BUGREPORT ""
#define PACKAGE_URL ""
#define PACKAGE "onigmo"
#define VERSION "6.1.2"
#define STDC_HEADERS 1
#define HAVE_SYS_TYPES_H 1
#define HAVE_SYS_STAT_H 1
#define HAVE_STDLIB_H 1
#define HAVE_STRING_H 1
#define HAVE_MEMORY_H 1
#define HAVE_STRINGS_H 1
#define HAVE_INTTYPES_H 1
#define HAVE_STDINT_H 1
#define HAVE_UNISTD_H 1
#define HAVE_DLFCN_H 1
#define LT_OBJDIR ".libs/"
#define STDC_HEADERS 1
#define HAVE_SYS_TIME_H 1
#define HAVE_UNISTD_H 1
#define HAVE_SYS_TIMES_H 1
#define HAVE_STDINT_H 1
#define SIZEOF_INT 4
#define SIZEOF_SHORT 2
#define SIZEOF_LONG 8
#define SIZEOF_VOIDP 8
#define SIZEOF_LONG_LONG 8
#define TIME_WITH_SYS_TIME 1
#define HAVE_ALLOCA_H 1
#define HAVE_ALLOCA 1

configure: exit 0
